c:\users\gunhyeong\desktop\midterm_solution\midterm\oop1\x64\debug\vc143.pdb
c:\users\gunhyeong\desktop\midterm_solution\midterm\oop1\x64\debug\vc143.idb
c:\users\gunhyeong\desktop\midterm_solution\midterm\oop1\x64\debug\utils.obj
c:\users\gunhyeong\desktop\midterm_solution\midterm\oop1\x64\debug\selector.obj
c:\users\gunhyeong\desktop\midterm_solution\midterm\oop1\x64\debug\regularpolygon.obj
c:\users\gunhyeong\desktop\midterm_solution\midterm\oop1\x64\debug\card.obj
c:\users\gunhyeong\desktop\midterm_solution\midterm\oop1\x64\debug\particlebullet.obj
c:\users\gunhyeong\desktop\midterm_solution\midterm\oop1\x64\debug\main.obj
c:\users\gunhyeong\desktop\midterm_solution\midterm\oop1\x64\debug\inputmanager.obj
c:\users\gunhyeong\desktop\midterm_solution\midterm\oop1\x64\debug\icollidable.obj
c:\users\gunhyeong\desktop\midterm_solution\midterm\oop1\x64\debug\gameobject.obj
c:\users\gunhyeong\desktop\midterm_solution\midterm\oop1\x64\debug\enemy.obj
c:\users\gunhyeong\desktop\midterm_solution\midterm\oop1\x64\debug\cards.obj
c:\users\gunhyeong\desktop\midterm_solution\midterm\oop1\x64\debug\canvas.obj
c:\users\gunhyeong\desktop\midterm_solution\midterm\oop1\x64\debug\bullet.obj
c:\users\gunhyeong\desktop\midterm_solution\midterm\oop1\x64\debug\oop1.ilk
c:\users\gunhyeong\desktop\midterm_solution\midterm\x64\debug\oop1.pdb
c:\users\gunhyeong\desktop\midterm_solution\midterm\x64\debug\oop1.exe
c:\users\gunhyeong\desktop\midterm_solution\midterm\oop1\x64\debug\oop1.tlog\cl.command.1.tlog
c:\users\gunhyeong\desktop\midterm_solution\midterm\oop1\x64\debug\oop1.tlog\cl.read.1.tlog
c:\users\gunhyeong\desktop\midterm_solution\midterm\oop1\x64\debug\oop1.tlog\cl.write.1.tlog
c:\users\gunhyeong\desktop\midterm_solution\midterm\oop1\x64\debug\oop1.tlog\link.command.1.tlog
c:\users\gunhyeong\desktop\midterm_solution\midterm\oop1\x64\debug\oop1.tlog\link.read.1.tlog
c:\users\gunhyeong\desktop\midterm_solution\midterm\oop1\x64\debug\oop1.tlog\link.write.1.tlog
